2020-10-25 00:00:33.467  INFO 10384 --- [main] c.example.saitynai.SaitynaiApplication   : Starting SaitynaiApplication on DESKTOP-89BC548 with PID 10384 (C:\Users\Nmarijonas\Documents\GitHub\Saitynai\target\classes started by Nmarijonas in C:\Users\Nmarijonas\Documents\GitHub\Saitynai)
2020-10-25 00:00:33.486  INFO 10384 --- [main] c.example.saitynai.SaitynaiApplication   : No active profile set, falling back to default profiles: default
2020-10-25 00:00:34.664  INFO 10384 --- [main] .s.d.r.c.RepositoryConfigurationDelegate : Bootstrapping Spring Data JPA repositories in DEFERRED mode.
2020-10-25 00:00:34.746  INFO 10384 --- [main] .s.d.r.c.RepositoryConfigurationDelegate : Finished Spring Data repository scanning in 74ms. Found 4 JPA repository interfaces.
2020-10-25 00:00:35.055  INFO 10384 --- [main] trationDelegate$BeanPostProcessorChecker : Bean 'org.springframework.security.access.expression.method.DefaultMethodSecurityExpressionHandler@38320e34' of type [org.springframework.security.access.expression.method.DefaultMethodSecurityExpressionHandler] is not eligible for getting processed by all BeanPostProcessors (for example: not eligible for auto-proxying)
2020-10-25 00:00:35.064  INFO 10384 --- [main] trationDelegate$BeanPostProcessorChecker : Bean 'methodSecurityMetadataSource' of type [org.springframework.security.access.method.DelegatingMethodSecurityMetadataSource] is not eligible for getting processed by all BeanPostProcessors (for example: not eligible for auto-proxying)
2020-10-25 00:00:35.310  INFO 10384 --- [main] o.s.b.w.embedded.tomcat.TomcatWebServer  : Tomcat initialized with port(s): 8080 (http)
2020-10-25 00:00:35.320  INFO 10384 --- [main] o.apache.catalina.core.StandardService   : Starting service [Tomcat]
2020-10-25 00:00:35.320  INFO 10384 --- [main] org.apache.catalina.core.StandardEngine  : Starting Servlet engine: [Apache Tomcat/9.0.38]
2020-10-25 00:00:35.447  INFO 10384 --- [main] o.a.c.c.C.[Tomcat].[localhost].[/]       : Initializing Spring embedded WebApplicationContext
2020-10-25 00:00:35.448  INFO 10384 --- [main] w.s.c.ServletWebServerApplicationContext : Root WebApplicationContext: initialization completed in 1846 ms
2020-10-25 00:00:35.504  WARN 10384 --- [main] JpaBaseConfiguration$JpaWebConfiguration : spring.jpa.open-in-view is enabled by default. Therefore, database queries may be performed during view rendering. Explicitly configure spring.jpa.open-in-view to disable this warning
2020-10-25 00:00:35.636  INFO 10384 --- [main] o.s.s.concurrent.ThreadPoolTaskExecutor  : Initializing ExecutorService 'applicationTaskExecutor'
2020-10-25 00:00:35.676  INFO 10384 --- [task-1] o.hibernate.jpa.internal.util.LogHelper  : HHH000204: Processing PersistenceUnitInfo [name: default]
2020-10-25 00:00:35.718  INFO 10384 --- [task-1] org.hibernate.Version                    : HHH000412: Hibernate ORM core version 5.4.21.Final
2020-10-25 00:00:35.843  INFO 10384 --- [task-1] o.hibernate.annotations.common.Version   : HCANN000001: Hibernate Commons Annotations {5.1.0.Final}
2020-10-25 00:00:35.951  INFO 10384 --- [task-1] com.zaxxer.hikari.HikariDataSource       : HikariPool-1 - Starting...
2020-10-25 00:00:36.245  INFO 10384 --- [main] o.s.s.web.DefaultSecurityFilterChain     : Creating filter chain: any request, [org.springframework.security.web.context.request.async.WebAsyncManagerIntegrationFilter@19e21f89, org.springframework.security.web.context.SecurityContextPersistenceFilter@19bedeb8, org.springframework.security.web.header.HeaderWriterFilter@511f5b1d, org.springframework.web.filter.CorsFilter@31e739bf, org.springframework.security.web.authentication.logout.LogoutFilter@2cca611f, com.example.saitynai.security.jwt.AuthTokenFilter@1d901f20, org.springframework.security.web.savedrequest.RequestCacheAwareFilter@63f6bed1, org.springframework.security.web.servletapi.SecurityContextHolderAwareRequestFilter@6975fb1c, org.springframework.security.web.authentication.AnonymousAuthenticationFilter@29079032, org.springframework.security.web.session.SessionManagementFilter@a6e4897, org.springframework.security.web.access.ExceptionTranslationFilter@ca8ef3a, org.springframework.security.web.access.intercept.FilterSecurityInterceptor@552cede7]
2020-10-25 00:00:36.389  INFO 10384 --- [task-1] com.zaxxer.hikari.HikariDataSource       : HikariPool-1 - Start completed.
2020-10-25 00:00:36.405  INFO 10384 --- [task-1] org.hibernate.dialect.Dialect            : HHH000400: Using dialect: org.hibernate.dialect.MySQL5InnoDBDialect
2020-10-25 00:00:36.577  INFO 10384 --- [main] o.s.b.w.embedded.tomcat.TomcatWebServer  : Tomcat started on port(s): 8080 (http) with context path ''
2020-10-25 00:00:36.580  INFO 10384 --- [main] DeferredRepositoryInitializationListener : Triggering deferred initialization of Spring Data repositories…
2020-10-25 00:00:37.243  INFO 10384 --- [task-1] o.h.e.t.j.p.i.JtaPlatformInitiator       : HHH000490: Using JtaPlatform implementation: [org.hibernate.engine.transaction.jta.platform.internal.NoJtaPlatform]
2020-10-25 00:00:37.251  INFO 10384 --- [task-1] j.LocalContainerEntityManagerFactoryBean : Initialized JPA EntityManagerFactory for persistence unit 'default'
2020-10-25 00:00:37.542  INFO 10384 --- [main] DeferredRepositoryInitializationListener : Spring Data repositories initialized!
2020-10-25 00:00:37.551  INFO 10384 --- [main] c.example.saitynai.SaitynaiApplication   : Started SaitynaiApplication in 4.724 seconds (JVM running for 6.48)
2020-10-25 00:00:42.162  INFO 10384 --- [http-nio-8080-exec-2] o.a.c.c.C.[Tomcat].[localhost].[/]       : Initializing Spring DispatcherServlet 'dispatcherServlet'
2020-10-25 00:00:42.162  INFO 10384 --- [http-nio-8080-exec-2] o.s.web.servlet.DispatcherServlet        : Initializing Servlet 'dispatcherServlet'
2020-10-25 00:00:42.175  INFO 10384 --- [http-nio-8080-exec-2] o.s.web.servlet.DispatcherServlet        : Completed initialization in 12 ms
2020-10-25 00:00:42.240 ERROR 10384 --- [http-nio-8080-exec-2] o.s.s.web.AuthenticationEntryPoint       : Unauthorized error: Full authentication is required to access this resource
2020-10-25 00:01:23.893  INFO 2776 --- [main] c.example.saitynai.SaitynaiApplication   : Starting SaitynaiApplication on DESKTOP-89BC548 with PID 2776 (C:\Users\Nmarijonas\Documents\GitHub\Saitynai\target\classes started by Nmarijonas in C:\Users\Nmarijonas\Documents\GitHub\Saitynai)
2020-10-25 00:01:23.897  INFO 2776 --- [main] c.example.saitynai.SaitynaiApplication   : No active profile set, falling back to default profiles: default
2020-10-25 00:01:24.937  INFO 2776 --- [main] .s.d.r.c.RepositoryConfigurationDelegate : Bootstrapping Spring Data JPA repositories in DEFERRED mode.
2020-10-25 00:01:25.017  INFO 2776 --- [main] .s.d.r.c.RepositoryConfigurationDelegate : Finished Spring Data repository scanning in 72ms. Found 4 JPA repository interfaces.
2020-10-25 00:01:25.281  INFO 2776 --- [main] trationDelegate$BeanPostProcessorChecker : Bean 'org.springframework.security.access.expression.method.DefaultMethodSecurityExpressionHandler@4fad6218' of type [org.springframework.security.access.expression.method.DefaultMethodSecurityExpressionHandler] is not eligible for getting processed by all BeanPostProcessors (for example: not eligible for auto-proxying)
2020-10-25 00:01:25.286  INFO 2776 --- [main] trationDelegate$BeanPostProcessorChecker : Bean 'methodSecurityMetadataSource' of type [org.springframework.security.access.method.DelegatingMethodSecurityMetadataSource] is not eligible for getting processed by all BeanPostProcessors (for example: not eligible for auto-proxying)
2020-10-25 00:01:25.538  INFO 2776 --- [main] o.s.b.w.embedded.tomcat.TomcatWebServer  : Tomcat initialized with port(s): 8080 (http)
2020-10-25 00:01:25.546  INFO 2776 --- [main] o.apache.catalina.core.StandardService   : Starting service [Tomcat]
2020-10-25 00:01:25.547  INFO 2776 --- [main] org.apache.catalina.core.StandardEngine  : Starting Servlet engine: [Apache Tomcat/9.0.38]
2020-10-25 00:01:25.663  INFO 2776 --- [main] o.a.c.c.C.[Tomcat].[localhost].[/]       : Initializing Spring embedded WebApplicationContext
2020-10-25 00:01:25.664  INFO 2776 --- [main] w.s.c.ServletWebServerApplicationContext : Root WebApplicationContext: initialization completed in 1660 ms
2020-10-25 00:01:25.721  WARN 2776 --- [main] JpaBaseConfiguration$JpaWebConfiguration : spring.jpa.open-in-view is enabled by default. Therefore, database queries may be performed during view rendering. Explicitly configure spring.jpa.open-in-view to disable this warning
2020-10-25 00:01:25.878  INFO 2776 --- [main] o.s.s.concurrent.ThreadPoolTaskExecutor  : Initializing ExecutorService 'applicationTaskExecutor'
2020-10-25 00:01:25.932  INFO 2776 --- [task-1] o.hibernate.jpa.internal.util.LogHelper  : HHH000204: Processing PersistenceUnitInfo [name: default]
2020-10-25 00:01:25.979  INFO 2776 --- [task-1] org.hibernate.Version                    : HHH000412: Hibernate ORM core version 5.4.21.Final
2020-10-25 00:01:26.099  INFO 2776 --- [task-1] o.hibernate.annotations.common.Version   : HCANN000001: Hibernate Commons Annotations {5.1.0.Final}
2020-10-25 00:01:26.210  INFO 2776 --- [task-1] com.zaxxer.hikari.HikariDataSource       : HikariPool-1 - Starting...
2020-10-25 00:01:26.473  INFO 2776 --- [main] o.s.s.web.DefaultSecurityFilterChain     : Creating filter chain: any request, [org.springframework.security.web.context.request.async.WebAsyncManagerIntegrationFilter@19e21f89, org.springframework.security.web.context.SecurityContextPersistenceFilter@511f5b1d, org.springframework.security.web.header.HeaderWriterFilter@481558ce, org.springframework.web.filter.CorsFilter@31e739bf, org.springframework.security.web.authentication.logout.LogoutFilter@4978777f, com.example.saitynai.security.jwt.AuthTokenFilter@772caabe, org.springframework.security.web.savedrequest.RequestCacheAwareFilter@7a687d8d, org.springframework.security.web.servletapi.SecurityContextHolderAwareRequestFilter@546394ed, org.springframework.security.web.authentication.AnonymousAuthenticationFilter@29079032, org.springframework.security.web.session.SessionManagementFilter@ca8ef3a, org.springframework.security.web.access.ExceptionTranslationFilter@554188ac, org.springframework.security.web.access.intercept.FilterSecurityInterceptor@552cede7]
2020-10-25 00:01:26.628  INFO 2776 --- [task-1] com.zaxxer.hikari.HikariDataSource       : HikariPool-1 - Start completed.
2020-10-25 00:01:26.641  INFO 2776 --- [task-1] org.hibernate.dialect.Dialect            : HHH000400: Using dialect: org.hibernate.dialect.MySQL5InnoDBDialect
2020-10-25 00:01:26.835  INFO 2776 --- [main] o.s.b.w.embedded.tomcat.TomcatWebServer  : Tomcat started on port(s): 8080 (http) with context path ''
2020-10-25 00:01:26.839  INFO 2776 --- [main] DeferredRepositoryInitializationListener : Triggering deferred initialization of Spring Data repositories…
2020-10-25 00:01:27.865  INFO 2776 --- [task-1] o.h.e.t.j.p.i.JtaPlatformInitiator       : HHH000490: Using JtaPlatform implementation: [org.hibernate.engine.transaction.jta.platform.internal.NoJtaPlatform]
2020-10-25 00:01:27.872  INFO 2776 --- [task-1] j.LocalContainerEntityManagerFactoryBean : Initialized JPA EntityManagerFactory for persistence unit 'default'
2020-10-25 00:01:28.177  INFO 2776 --- [main] DeferredRepositoryInitializationListener : Spring Data repositories initialized!
2020-10-25 00:01:28.184  INFO 2776 --- [main] c.example.saitynai.SaitynaiApplication   : Started SaitynaiApplication in 4.862 seconds (JVM running for 5.986)
2020-10-25 00:01:33.424  INFO 2776 --- [http-nio-8080-exec-1] o.a.c.c.C.[Tomcat].[localhost].[/]       : Initializing Spring DispatcherServlet 'dispatcherServlet'
2020-10-25 00:01:33.425  INFO 2776 --- [http-nio-8080-exec-1] o.s.web.servlet.DispatcherServlet        : Initializing Servlet 'dispatcherServlet'
2020-10-25 00:01:33.432  INFO 2776 --- [http-nio-8080-exec-1] o.s.web.servlet.DispatcherServlet        : Completed initialization in 7 ms
2020-10-25 00:01:33.483 ERROR 2776 --- [http-nio-8080-exec-1] o.s.s.web.AuthenticationEntryPoint       : Unauthorized error: Full authentication is required to access this resource
2020-10-25 00:11:43.645  INFO 16872 --- [main] c.example.saitynai.SaitynaiApplication   : Starting SaitynaiApplication on DESKTOP-89BC548 with PID 16872 (C:\Users\Nmarijonas\Documents\GitHub\Saitynai\target\classes started by Nmarijonas in C:\Users\Nmarijonas\Documents\GitHub\Saitynai)
2020-10-25 00:11:43.654  INFO 16872 --- [main] c.example.saitynai.SaitynaiApplication   : No active profile set, falling back to default profiles: default
2020-10-25 00:11:45.583  INFO 16872 --- [main] .s.d.r.c.RepositoryConfigurationDelegate : Bootstrapping Spring Data JPA repositories in DEFERRED mode.
2020-10-25 00:11:45.688  INFO 16872 --- [main] .s.d.r.c.RepositoryConfigurationDelegate : Finished Spring Data repository scanning in 94ms. Found 4 JPA repository interfaces.
2020-10-25 00:11:46.020  INFO 16872 --- [main] trationDelegate$BeanPostProcessorChecker : Bean 'org.springframework.security.access.expression.method.DefaultMethodSecurityExpressionHandler@213c3543' of type [org.springframework.security.access.expression.method.DefaultMethodSecurityExpressionHandler] is not eligible for getting processed by all BeanPostProcessors (for example: not eligible for auto-proxying)
2020-10-25 00:11:46.025  INFO 16872 --- [main] trationDelegate$BeanPostProcessorChecker : Bean 'methodSecurityMetadataSource' of type [org.springframework.security.access.method.DelegatingMethodSecurityMetadataSource] is not eligible for getting processed by all BeanPostProcessors (for example: not eligible for auto-proxying)
2020-10-25 00:11:46.276  INFO 16872 --- [main] o.s.b.w.embedded.tomcat.TomcatWebServer  : Tomcat initialized with port(s): 8080 (http)
2020-10-25 00:11:46.285  INFO 16872 --- [main] o.apache.catalina.core.StandardService   : Starting service [Tomcat]
2020-10-25 00:11:46.286  INFO 16872 --- [main] org.apache.catalina.core.StandardEngine  : Starting Servlet engine: [Apache Tomcat/9.0.38]
2020-10-25 00:11:46.402  INFO 16872 --- [main] o.a.c.c.C.[Tomcat].[localhost].[/]       : Initializing Spring embedded WebApplicationContext
2020-10-25 00:11:46.403  INFO 16872 --- [main] w.s.c.ServletWebServerApplicationContext : Root WebApplicationContext: initialization completed in 2658 ms
2020-10-25 00:11:46.463  WARN 16872 --- [main] JpaBaseConfiguration$JpaWebConfiguration : spring.jpa.open-in-view is enabled by default. Therefore, database queries may be performed during view rendering. Explicitly configure spring.jpa.open-in-view to disable this warning
2020-10-25 00:11:46.600  INFO 16872 --- [main] o.s.s.concurrent.ThreadPoolTaskExecutor  : Initializing ExecutorService 'applicationTaskExecutor'
2020-10-25 00:11:46.649  INFO 16872 --- [task-1] o.hibernate.jpa.internal.util.LogHelper  : HHH000204: Processing PersistenceUnitInfo [name: default]
2020-10-25 00:11:46.735  INFO 16872 --- [task-1] org.hibernate.Version                    : HHH000412: Hibernate ORM core version 5.4.21.Final
2020-10-25 00:11:46.903  INFO 16872 --- [task-1] o.hibernate.annotations.common.Version   : HCANN000001: Hibernate Commons Annotations {5.1.0.Final}
2020-10-25 00:11:47.051  INFO 16872 --- [task-1] com.zaxxer.hikari.HikariDataSource       : HikariPool-1 - Starting...
2020-10-25 00:11:47.335  INFO 16872 --- [main] o.s.s.web.DefaultSecurityFilterChain     : Creating filter chain: any request, [org.springframework.security.web.context.request.async.WebAsyncManagerIntegrationFilter@73c48264, org.springframework.security.web.context.SecurityContextPersistenceFilter@6975fb1c, org.springframework.security.web.header.HeaderWriterFilter@546394ed, org.springframework.web.filter.CorsFilter@5ef85555, org.springframework.security.web.authentication.logout.LogoutFilter@2a7d9b41, com.example.saitynai.security.jwt.AuthTokenFilter@42505474, org.springframework.security.web.savedrequest.RequestCacheAwareFilter@327e5be5, org.springframework.security.web.servletapi.SecurityContextHolderAwareRequestFilter@4978777f, org.springframework.security.web.authentication.AnonymousAuthenticationFilter@5bcec67e, org.springframework.security.web.session.SessionManagementFilter@4684240f, org.springframework.security.web.access.ExceptionTranslationFilter@22dc59b2, org.springframework.security.web.access.intercept.FilterSecurityInterceptor@6661d8c0]
2020-10-25 00:11:47.514  INFO 16872 --- [task-1] com.zaxxer.hikari.HikariDataSource       : HikariPool-1 - Start completed.
2020-10-25 00:11:47.527  INFO 16872 --- [task-1] org.hibernate.dialect.Dialect            : HHH000400: Using dialect: org.hibernate.dialect.MySQL5InnoDBDialect
2020-10-25 00:11:47.688  INFO 16872 --- [main] o.s.b.w.embedded.tomcat.TomcatWebServer  : Tomcat started on port(s): 8080 (http) with context path ''
2020-10-25 00:11:47.690  INFO 16872 --- [main] DeferredRepositoryInitializationListener : Triggering deferred initialization of Spring Data repositories…
2020-10-25 00:11:48.377  INFO 16872 --- [task-1] o.h.e.t.j.p.i.JtaPlatformInitiator       : HHH000490: Using JtaPlatform implementation: [org.hibernate.engine.transaction.jta.platform.internal.NoJtaPlatform]
2020-10-25 00:11:48.384  INFO 16872 --- [task-1] j.LocalContainerEntityManagerFactoryBean : Initialized JPA EntityManagerFactory for persistence unit 'default'
2020-10-25 00:11:48.684  INFO 16872 --- [main] DeferredRepositoryInitializationListener : Spring Data repositories initialized!
2020-10-25 00:11:48.699  INFO 16872 --- [main] c.example.saitynai.SaitynaiApplication   : Started SaitynaiApplication in 5.652 seconds (JVM running for 6.828)
2020-10-25 00:11:56.155  INFO 16872 --- [http-nio-8080-exec-2] o.a.c.c.C.[Tomcat].[localhost].[/]       : Initializing Spring DispatcherServlet 'dispatcherServlet'
2020-10-25 00:11:56.155  INFO 16872 --- [http-nio-8080-exec-2] o.s.web.servlet.DispatcherServlet        : Initializing Servlet 'dispatcherServlet'
2020-10-25 00:11:56.165  INFO 16872 --- [http-nio-8080-exec-2] o.s.web.servlet.DispatcherServlet        : Completed initialization in 9 ms
2020-10-25 00:12:14.093 ERROR 16872 --- [http-nio-8080-exec-5] o.s.s.web.AuthenticationEntryPoint       : Unauthorized error: Full authentication is required to access this resource
2020-10-25 00:12:19.931 ERROR 16872 --- [http-nio-8080-exec-8] o.s.s.web.AuthenticationEntryPoint       : Unauthorized error: Full authentication is required to access this resource
2020-10-25 00:15:49.065  INFO 12732 --- [main] c.example.saitynai.SaitynaiApplication   : Starting SaitynaiApplication on DESKTOP-89BC548 with PID 12732 (C:\Users\Nmarijonas\Documents\GitHub\Saitynai\target\classes started by Nmarijonas in C:\Users\Nmarijonas\Documents\GitHub\Saitynai)
2020-10-25 00:15:49.069  INFO 12732 --- [main] c.example.saitynai.SaitynaiApplication   : No active profile set, falling back to default profiles: default
2020-10-25 00:15:50.122  INFO 12732 --- [main] .s.d.r.c.RepositoryConfigurationDelegate : Bootstrapping Spring Data JPA repositories in DEFERRED mode.
2020-10-25 00:15:50.202  INFO 12732 --- [main] .s.d.r.c.RepositoryConfigurationDelegate : Finished Spring Data repository scanning in 70ms. Found 4 JPA repository interfaces.
2020-10-25 00:15:50.450  INFO 12732 --- [main] trationDelegate$BeanPostProcessorChecker : Bean 'org.springframework.security.access.expression.method.DefaultMethodSecurityExpressionHandler@6ea04618' of type [org.springframework.security.access.expression.method.DefaultMethodSecurityExpressionHandler] is not eligible for getting processed by all BeanPostProcessors (for example: not eligible for auto-proxying)
2020-10-25 00:15:50.456  INFO 12732 --- [main] trationDelegate$BeanPostProcessorChecker : Bean 'methodSecurityMetadataSource' of type [org.springframework.security.access.method.DelegatingMethodSecurityMetadataSource] is not eligible for getting processed by all BeanPostProcessors (for example: not eligible for auto-proxying)
2020-10-25 00:15:50.755  INFO 12732 --- [main] o.s.b.w.embedded.tomcat.TomcatWebServer  : Tomcat initialized with port(s): 8080 (http)
2020-10-25 00:15:50.765  INFO 12732 --- [main] o.apache.catalina.core.StandardService   : Starting service [Tomcat]
2020-10-25 00:15:50.765  INFO 12732 --- [main] org.apache.catalina.core.StandardEngine  : Starting Servlet engine: [Apache Tomcat/9.0.38]
2020-10-25 00:15:50.884  INFO 12732 --- [main] o.a.c.c.C.[Tomcat].[localhost].[/]       : Initializing Spring embedded WebApplicationContext
2020-10-25 00:15:50.884  INFO 12732 --- [main] w.s.c.ServletWebServerApplicationContext : Root WebApplicationContext: initialization completed in 1744 ms
2020-10-25 00:15:50.986  WARN 12732 --- [main] JpaBaseConfiguration$JpaWebConfiguration : spring.jpa.open-in-view is enabled by default. Therefore, database queries may be performed during view rendering. Explicitly configure spring.jpa.open-in-view to disable this warning
2020-10-25 00:15:51.128  INFO 12732 --- [main] o.s.s.concurrent.ThreadPoolTaskExecutor  : Initializing ExecutorService 'applicationTaskExecutor'
2020-10-25 00:15:51.169  INFO 12732 --- [task-1] o.hibernate.jpa.internal.util.LogHelper  : HHH000204: Processing PersistenceUnitInfo [name: default]
2020-10-25 00:15:51.212  INFO 12732 --- [task-1] org.hibernate.Version                    : HHH000412: Hibernate ORM core version 5.4.21.Final
2020-10-25 00:15:51.374  INFO 12732 --- [task-1] o.hibernate.annotations.common.Version   : HCANN000001: Hibernate Commons Annotations {5.1.0.Final}
2020-10-25 00:15:51.524  INFO 12732 --- [task-1] com.zaxxer.hikari.HikariDataSource       : HikariPool-1 - Starting...
2020-10-25 00:15:51.775  INFO 12732 --- [main] o.s.s.web.DefaultSecurityFilterChain     : Creating filter chain: any request, [org.springframework.security.web.context.request.async.WebAsyncManagerIntegrationFilter@c8f97a7, org.springframework.security.web.context.SecurityContextPersistenceFilter@1c93b51e, org.springframework.security.web.header.HeaderWriterFilter@1a464fa3, org.springframework.web.filter.CorsFilter@2b736fee, org.springframework.security.web.authentication.logout.LogoutFilter@7f287b98, com.example.saitynai.security.jwt.AuthTokenFilter@777d0bc3, org.springframework.security.web.savedrequest.RequestCacheAwareFilter@2abc8034, org.springframework.security.web.servletapi.SecurityContextHolderAwareRequestFilter@7a8341c1, org.springframework.security.web.authentication.AnonymousAuthenticationFilter@3249e278, org.springframework.security.web.session.SessionManagementFilter@7f353a0f, org.springframework.security.web.access.ExceptionTranslationFilter@1de0641b, org.springframework.security.web.access.intercept.FilterSecurityInterceptor@53aa38be]
2020-10-25 00:15:51.984  INFO 12732 --- [task-1] com.zaxxer.hikari.HikariDataSource       : HikariPool-1 - Start completed.
2020-10-25 00:15:52.006  INFO 12732 --- [task-1] org.hibernate.dialect.Dialect            : HHH000400: Using dialect: org.hibernate.dialect.MySQL5InnoDBDialect
2020-10-25 00:15:52.198  INFO 12732 --- [main] o.s.b.w.embedded.tomcat.TomcatWebServer  : Tomcat started on port(s): 8080 (http) with context path ''
2020-10-25 00:15:52.201  INFO 12732 --- [main] DeferredRepositoryInitializationListener : Triggering deferred initialization of Spring Data repositories…
2020-10-25 00:15:53.244  INFO 12732 --- [task-1] o.h.e.t.j.p.i.JtaPlatformInitiator       : HHH000490: Using JtaPlatform implementation: [org.hibernate.engine.transaction.jta.platform.internal.NoJtaPlatform]
2020-10-25 00:15:53.255  INFO 12732 --- [task-1] j.LocalContainerEntityManagerFactoryBean : Initialized JPA EntityManagerFactory for persistence unit 'default'
2020-10-25 00:15:53.665  INFO 12732 --- [main] DeferredRepositoryInitializationListener : Spring Data repositories initialized!
2020-10-25 00:15:53.673  INFO 12732 --- [main] c.example.saitynai.SaitynaiApplication   : Started SaitynaiApplication in 5.237 seconds (JVM running for 6.617)
2020-10-25 00:15:57.120  INFO 12732 --- [http-nio-8080-exec-1] o.a.c.c.C.[Tomcat].[localhost].[/]       : Initializing Spring DispatcherServlet 'dispatcherServlet'
2020-10-25 00:15:57.121  INFO 12732 --- [http-nio-8080-exec-1] o.s.web.servlet.DispatcherServlet        : Initializing Servlet 'dispatcherServlet'
2020-10-25 00:15:57.128  INFO 12732 --- [http-nio-8080-exec-1] o.s.web.servlet.DispatcherServlet        : Completed initialization in 7 ms
